=== Polish β₂ᵦ (β₂ₐ=0.05 fixed) ===
    x=1.229180 → loss=39.3530
    x=1.370820 → loss=39.3698
    x=1.141641 → loss=39.6524
    x=1.283282 → loss=39.3541
    x=1.195743 → loss=39.5188
    x=1.249845 → loss=39.3206
    x=1.262616 → loss=39.3269
    x=1.241951 → loss=39.3480
    x=1.254723 → loss=39.3286
    x=1.246830 → loss=39.3171
    x=1.244966 → loss=39.3058
    x=1.243815 → loss=39.2834
    x=1.243103 → loss=39.3271
    x=1.244035 → loss=39.3224
  → β₂ᵦ=1.2440, loss=39.3224 (14 evals)
=== Polish β₂ₐ (β₂ᵦ=1.2440 fixed) ===
    x=0.057295 → loss=39.3071
    x=0.092705 → loss=39.4251
    x=0.035410 → loss=39.2266
    x=0.021885 → loss=39.3037
    x=0.043769 → loss=39.2767
    x=0.030244 → loss=39.2336
    x=0.038603 → loss=39.2901
    x=0.033437 → loss=39.2246
    x=0.032217 → loss=39.2744
    x=0.034191 → loss=39.2901
    x=0.033204 → loss=39.2178
  → β₂ₐ=0.0332, loss=39.2178 (11 evals)

FINAL: β₂ₐ=0.033204, β₂ᵦ=1.244035, loss=39.2178
